2025-03-16 22:20:37,648 [scrapy.utils.log] INFO: Scrapy 2.11.0 started (bot: scrapybot)
2025-03-16 22:20:37,658 [scrapy.utils.log] INFO: Versions: lxml 5.1.0.0, libxml2 2.9.13, cssselect 1.3.0, parsel 1.10.0, w3lib 2.3.1, Twisted 22.10.0, Python 3.13.2 (main, Feb  4 2025, 14:51:09) [Clang 16.0.0 (clang-1600.0.26.6)], pyOpenSSL 25.0.0 (OpenSSL 3.4.1 11 Feb 2025), cryptography 44.0.2, Platform macOS-15.3.1-arm64-arm-64bit-Mach-O
2025-03-16 22:20:37,661 [aetna] INFO: Initialized aetna spider
2025-03-16 22:20:37 [aetna] INFO: Initialized aetna spider
2025-03-16 22:20:37,661 [scrapy.addons] INFO: Enabled addons:
[]
2025-03-16 22:20:37 [scrapy.addons] INFO: Enabled addons:
[]
2025-03-16 22:20:37,662 [py.warnings] WARNING: /Users/aojdevstudio/unified-dental-projects/insurance-web-scraper/venv/lib/python3.13/site-packages/scrapy/utils/request.py:254: ScrapyDeprecationWarning: '2.6' is a deprecated value for the 'REQUEST_FINGERPRINTER_IMPLEMENTATION' setting.

It is also the default value. In other words, it is normal to get this warning if you have not defined a value for the 'REQUEST_FINGERPRINTER_IMPLEMENTATION' setting. This is so for backward compatibility reasons, but it will change in a future version of Scrapy.

See the documentation of the 'REQUEST_FINGERPRINTER_IMPLEMENTATION' setting for information on how to handle this deprecation.
  return cls(crawler)

2025-03-16 22:20:37 [py.warnings] WARNING: /Users/aojdevstudio/unified-dental-projects/insurance-web-scraper/venv/lib/python3.13/site-packages/scrapy/utils/request.py:254: ScrapyDeprecationWarning: '2.6' is a deprecated value for the 'REQUEST_FINGERPRINTER_IMPLEMENTATION' setting.

It is also the default value. In other words, it is normal to get this warning if you have not defined a value for the 'REQUEST_FINGERPRINTER_IMPLEMENTATION' setting. This is so for backward compatibility reasons, but it will change in a future version of Scrapy.

See the documentation of the 'REQUEST_FINGERPRINTER_IMPLEMENTATION' setting for information on how to handle this deprecation.
  return cls(crawler)

2025-03-16 22:20:37,663 [scrapy.utils.log] DEBUG: Using reactor: twisted.internet.selectreactor.SelectReactor
2025-03-16 22:20:37 [scrapy.utils.log] DEBUG: Using reactor: twisted.internet.selectreactor.SelectReactor
2025-03-16 22:20:37,671 [scrapy.extensions.telnet] INFO: Telnet Password: 08628ef7e13ab063
2025-03-16 22:20:37 [scrapy.extensions.telnet] INFO: Telnet Password: 08628ef7e13ab063
2025-03-16 22:20:37,701 [scrapy.middleware] INFO: Enabled extensions:
['scrapy.extensions.corestats.CoreStats',
 'scrapy.extensions.telnet.TelnetConsole',
 'scrapy.extensions.memusage.MemoryUsage',
 'scrapy.extensions.feedexport.FeedExporter',
 'scrapy.extensions.logstats.LogStats']
2025-03-16 22:20:37 [scrapy.middleware] INFO: Enabled extensions:
['scrapy.extensions.corestats.CoreStats',
 'scrapy.extensions.telnet.TelnetConsole',
 'scrapy.extensions.memusage.MemoryUsage',
 'scrapy.extensions.feedexport.FeedExporter',
 'scrapy.extensions.logstats.LogStats']
2025-03-16 22:20:37,702 [scrapy.crawler] INFO: Overridden settings:
{'CONCURRENT_REQUESTS': 1,
 'DOWNLOAD_DELAY': 3,
 'DOWNLOAD_TIMEOUT': 60,
 'LOG_FILE': 'logs/aetna/spider_20250316_222037.log',
 'RETRY_HTTP_CODES': [500, 502, 503, 504, 408, 429, 403],
 'RETRY_TIMES': 3,
 'USER_AGENT': 'Mozilla/5.0 (Windows NT 10.0; Win64; x64) AppleWebKit/537.36 '
               '(KHTML, like Gecko) Chrome/91.0.4472.124 Safari/537.36'}
2025-03-16 22:20:37 [scrapy.crawler] INFO: Overridden settings:
{'CONCURRENT_REQUESTS': 1,
 'DOWNLOAD_DELAY': 3,
 'DOWNLOAD_TIMEOUT': 60,
 'LOG_FILE': 'logs/aetna/spider_20250316_222037.log',
 'RETRY_HTTP_CODES': [500, 502, 503, 504, 408, 429, 403],
 'RETRY_TIMES': 3,
 'USER_AGENT': 'Mozilla/5.0 (Windows NT 10.0; Win64; x64) AppleWebKit/537.36 '
               '(KHTML, like Gecko) Chrome/91.0.4472.124 Safari/537.36'}
2025-03-16 22:20:37,755 [scrapy.middleware] INFO: Enabled downloader middlewares:
['scrapy.downloadermiddlewares.httpauth.HttpAuthMiddleware',
 'scrapy.downloadermiddlewares.downloadtimeout.DownloadTimeoutMiddleware',
 'scrapy.downloadermiddlewares.defaultheaders.DefaultHeadersMiddleware',
 'scrapy.downloadermiddlewares.useragent.UserAgentMiddleware',
 'scrapy.downloadermiddlewares.retry.RetryMiddleware',
 'scrapy.downloadermiddlewares.redirect.MetaRefreshMiddleware',
 'scrapy.downloadermiddlewares.httpcompression.HttpCompressionMiddleware',
 'scrapy.downloadermiddlewares.redirect.RedirectMiddleware',
 'scrapy.downloadermiddlewares.cookies.CookiesMiddleware',
 'scrapy.downloadermiddlewares.httpproxy.HttpProxyMiddleware',
 'scrapy.downloadermiddlewares.stats.DownloaderStats']
2025-03-16 22:20:37 [scrapy.middleware] INFO: Enabled downloader middlewares:
['scrapy.downloadermiddlewares.httpauth.HttpAuthMiddleware',
 'scrapy.downloadermiddlewares.downloadtimeout.DownloadTimeoutMiddleware',
 'scrapy.downloadermiddlewares.defaultheaders.DefaultHeadersMiddleware',
 'scrapy.downloadermiddlewares.useragent.UserAgentMiddleware',
 'scrapy.downloadermiddlewares.retry.RetryMiddleware',
 'scrapy.downloadermiddlewares.redirect.MetaRefreshMiddleware',
 'scrapy.downloadermiddlewares.httpcompression.HttpCompressionMiddleware',
 'scrapy.downloadermiddlewares.redirect.RedirectMiddleware',
 'scrapy.downloadermiddlewares.cookies.CookiesMiddleware',
 'scrapy.downloadermiddlewares.httpproxy.HttpProxyMiddleware',
 'scrapy.downloadermiddlewares.stats.DownloaderStats']
2025-03-16 22:20:37,756 [scrapy.middleware] INFO: Enabled spider middlewares:
['scrapy.spidermiddlewares.httperror.HttpErrorMiddleware',
 'scrapy.spidermiddlewares.offsite.OffsiteMiddleware',
 'scrapy.spidermiddlewares.referer.RefererMiddleware',
 'scrapy.spidermiddlewares.urllength.UrlLengthMiddleware',
 'scrapy.spidermiddlewares.depth.DepthMiddleware']
2025-03-16 22:20:37 [scrapy.middleware] INFO: Enabled spider middlewares:
['scrapy.spidermiddlewares.httperror.HttpErrorMiddleware',
 'scrapy.spidermiddlewares.offsite.OffsiteMiddleware',
 'scrapy.spidermiddlewares.referer.RefererMiddleware',
 'scrapy.spidermiddlewares.urllength.UrlLengthMiddleware',
 'scrapy.spidermiddlewares.depth.DepthMiddleware']
2025-03-16 22:20:37,756 [scrapy.middleware] INFO: Enabled item pipelines:
[]
2025-03-16 22:20:37 [scrapy.middleware] INFO: Enabled item pipelines:
[]
2025-03-16 22:20:37,756 [scrapy.core.engine] INFO: Spider opened
2025-03-16 22:20:37 [scrapy.core.engine] INFO: Spider opened
2025-03-16 22:20:37,763 [scrapy.extensions.logstats] INFO: Crawled 0 pages (at 0 pages/min), scraped 0 items (at 0 items/min)
2025-03-16 22:20:37 [scrapy.extensions.logstats] INFO: Crawled 0 pages (at 0 pages/min), scraped 0 items (at 0 items/min)
2025-03-16 22:20:37,763 [scrapy.extensions.telnet] INFO: Telnet console listening on 127.0.0.1:6023
2025-03-16 22:20:37 [scrapy.extensions.telnet] INFO: Telnet console listening on 127.0.0.1:6023
2025-03-16 22:20:37,763 [aetna] INFO: Starting requests with credentials
2025-03-16 22:20:37 [aetna] INFO: Starting requests with credentials
2025-03-16 22:20:37,763 [aetna] INFO: Making initial request to: https://www.aetnadental.com/professionals/secure/network-resources-programs/dental-office-guides.html
2025-03-16 22:20:37 [aetna] INFO: Making initial request to: https://www.aetnadental.com/professionals/secure/network-resources-programs/dental-office-guides.html
2025-03-16 22:20:38,203 [scrapy.core.engine] DEBUG: Crawled (302) <GET https://www.aetnadental.com/professionals/secure/network-resources-programs/dental-office-guides.html> (referer: None)
2025-03-16 22:20:38 [scrapy.core.engine] DEBUG: Crawled (302) <GET https://www.aetnadental.com/professionals/secure/network-resources-programs/dental-office-guides.html> (referer: None)
2025-03-16 22:20:38,306 [aetna] INFO: Parsing guidelines page: https://www.aetnadental.com/professionals/secure/network-resources-programs/dental-office-guides.html
2025-03-16 22:20:38 [aetna] INFO: Parsing guidelines page: https://www.aetnadental.com/professionals/secure/network-resources-programs/dental-office-guides.html
2025-03-16 22:20:38,307 [scrapy.core.engine] INFO: Closing spider (finished)
2025-03-16 22:20:38 [scrapy.core.engine] INFO: Closing spider (finished)
2025-03-16 22:20:38,307 [scrapy.extensions.feedexport] INFO: Stored json feed (0 items) in: data/processed/aetna_guidelines_20250316_222037.json
2025-03-16 22:20:38 [scrapy.extensions.feedexport] INFO: Stored json feed (0 items) in: data/processed/aetna_guidelines_20250316_222037.json
2025-03-16 22:20:38,307 [scrapy.statscollectors] INFO: Dumping Scrapy stats:
{'downloader/request_bytes': 373,
 'downloader/request_count': 1,
 'downloader/request_method_count/GET': 1,
 'downloader/response_bytes': 1351,
 'downloader/response_count': 1,
 'downloader/response_status_count/302': 1,
 'elapsed_time_seconds': 0.544381,
 'feedexport/success_count/FileFeedStorage': 1,
 'finish_reason': 'finished',
 'finish_time': datetime.datetime(2025, 3, 17, 3, 20, 38, 307464, tzinfo=datetime.timezone.utc),
 'log_count/DEBUG': 2,
 'log_count/INFO': 14,
 'log_count/WARNING': 1,
 'memusage/max': 95682560,
 'memusage/startup': 95682560,
 'response_received_count': 1,
 'scheduler/dequeued': 1,
 'scheduler/dequeued/memory': 1,
 'scheduler/enqueued': 1,
 'scheduler/enqueued/memory': 1,
 'start_time': datetime.datetime(2025, 3, 17, 3, 20, 37, 763083, tzinfo=datetime.timezone.utc)}
2025-03-16 22:20:38 [scrapy.statscollectors] INFO: Dumping Scrapy stats:
{'downloader/request_bytes': 373,
 'downloader/request_count': 1,
 'downloader/request_method_count/GET': 1,
 'downloader/response_bytes': 1351,
 'downloader/response_count': 1,
 'downloader/response_status_count/302': 1,
 'elapsed_time_seconds': 0.544381,
 'feedexport/success_count/FileFeedStorage': 1,
 'finish_reason': 'finished',
 'finish_time': datetime.datetime(2025, 3, 17, 3, 20, 38, 307464, tzinfo=datetime.timezone.utc),
 'log_count/DEBUG': 2,
 'log_count/INFO': 14,
 'log_count/WARNING': 1,
 'memusage/max': 95682560,
 'memusage/startup': 95682560,
 'response_received_count': 1,
 'scheduler/dequeued': 1,
 'scheduler/dequeued/memory': 1,
 'scheduler/enqueued': 1,
 'scheduler/enqueued/memory': 1,
 'start_time': datetime.datetime(2025, 3, 17, 3, 20, 37, 763083, tzinfo=datetime.timezone.utc)}
2025-03-16 22:20:38,308 [scrapy.core.engine] INFO: Spider closed (finished)
2025-03-16 22:20:38 [scrapy.core.engine] INFO: Spider closed (finished)
